#
# There is insufficient memory for the Java Runtime Environment to continue.
# Native memory allocation (mmap) failed to map 266338304 bytes. Error detail: G1 virtual space
# Possible reasons:
#   The system is out of physical RAM or swap space
#   This process is running with CompressedOops enabled, and the Java Heap may be blocking the growth of the native heap
# Possible solutions:
#   Reduce memory load on the system
#   Increase physical memory or swap space
#   Check if swap backing store is full
#   Decrease Java heap size (-Xmx/-Xms)
#   Decrease number of Java threads
#   Decrease Java thread stack sizes (-Xss)
#   Set larger code cache with -XX:ReservedCodeCacheSize=
#   JVM is running with Zero Based Compressed Oops mode in which the Java heap is
#     placed in the first 32GB address space. The Java Heap base address is the
#     maximum limit for the native heap growth. Please use -XX:HeapBaseMinAddress
#     to set the Java Heap base and to place the Java Heap above 32GB virtual address.
# This output file may be truncated or incomplete.
#
#  Out of Memory Error (os_windows.cpp:3707), pid=19608, tid=35416
#
# JRE version:  (23.0.2+7) (build )
# Java VM: Java HotSpot(TM) 64-Bit Server VM (23.0.2+7-58, mixed mode, sharing, tiered, compressed oops, compressed class ptrs, g1 gc, windows-amd64)
# No core dump will be written. Minidumps are not enabled by default on client versions of Windows
#

---------------  S U M M A R Y ------------

Command Line: -Dclassworlds.conf=C:\Program Files\Apache\Maven\apache-maven-3.9.11\bin\m2.conf -Dmaven.home=C:\Program Files\Apache\Maven\apache-maven-3.9.11 -Dlibrary.jansi.path=C:\Program Files\Apache\Maven\apache-maven-3.9.11\lib\jansi-native -Dmaven.multiModuleProjectDirectory=C:\Users\dhrit\OneDrive\Desktop\new new-crawler\News_Aggregator org.codehaus.plexus.classworlds.launcher.Launcher spring-boot:run

Host: 11th Gen Intel(R) Core(TM) i7-1195G7 @ 2.90GHz, 8 cores, 15G,  Windows 11 , 64 bit Build 26100 (10.0.26100.7019)
Time: Tue Dec  2 13:21:51 2025 Eastern Standard Time elapsed time: 0.031041 seconds (0d 0h 0m 0s)

---------------  T H R E A D  ---------------

Current thread (0x0000018219a7efd0):  JavaThread "Unknown thread" [_thread_in_vm, id=35416, stack(0x0000001609a00000,0x0000001609b00000) (1024K)]

Stack: [0x0000001609a00000,0x0000001609b00000]
Native frames: (J=compiled Java code, j=interpreted, Vv=VM code, C=native code)
V  [jvm.dll+0x6e0b99]  (no source info available)
V  [jvm.dll+0x87e2b3]  (no source info available)
V  [jvm.dll+0x88073e]  (no source info available)
V  [jvm.dll+0x880e13]  (no source info available)
V  [jvm.dll+0x27b006]  (no source info available)
V  [jvm.dll+0x6dd485]  (no source info available)
V  [jvm.dll+0x6d127a]  (no source info available)
V  [jvm.dll+0x35b50a]  (no source info available)
V  [jvm.dll+0x363916]  (no source info available)
V  [jvm.dll+0x34fe7e]  (no source info available)
V  [jvm.dll+0x350118]  (no source info available)
V  [jvm.dll+0x328aec]  (no source info available)
V  [jvm.dll+0x32978e]  (no source info available)
V  [jvm.dll+0x8449a5]  (no source info available)
V  [jvm.dll+0x3b9a08]  (no source info available)
V  [jvm.dll+0x82d68c]  (no source info available)
V  [jvm.dll+0x454f2e]  (no source info available)
V  [jvm.dll+0x456db1]  (no source info available)
C  [jli.dll+0x52a3]  (no source info available)
C  [ucrtbase.dll+0x37b0]  (no source info available)
C  [KERNEL32.DLL+0x2e8d7]  (no source info available)
C  [ntdll.dll+0x8c53c]  (no source info available)

Lock stack of current Java thread (top to bottom):


---------------  P R O C E S S  ---------------

Threads class SMR info:
_java_thread_list=0x00007ffd4d594618, length=0, elements={
}

Java Threads: ( => current thread )
Total: 0

Other Threads:
  0x0000018219ae3260 WorkerThread "GC Thread#0"                     [id=39544, stack(0x0000001609b00000,0x0000001609c00000) (1024K)]
  0x0000018219af7e10 ConcurrentGCThread "G1 Main Marker"            [id=39760, stack(0x0000001609c00000,0x0000001609d00000) (1024K)]
  0x0000018219afbbc0 WorkerThread "G1 Conc#0"                       [id=2496, stack(0x0000001609d00000,0x0000001609e00000) (1024K)]

[error occurred during error reporting (printing all threads), id 0xc0000005, EXCEPTION_ACCESS_VIOLATION (0xc0000005) at pc=0x00007ffd4ccdc0da]
VM state: not at safepoint (not fully initialized)

VM Mutex/Monitor currently owned by a thread:  ([mutex/lock_event])
[0x00007ffd4d614988] Heap_lock - owner thread: 0x0000018219a7efd0

Heap address: 0x0000000703a00000, size: 4038 MB, Compressed Oops mode: Zero based, Oop shift amount: 3

CDS archive(s) mapped at: [0x0000000000000000-0x0000000000000000-0x0000000000000000), size 0, SharedBaseAddress: 0x0000000800000000, ArchiveRelocationMode: 1.
Narrow klass base: 0x0000000000000000, Narrow klass shift: 0, Narrow klass range: 0x0

GC Precious Log:
 CardTable entry size: 512
 Card Set container configuration: InlinePtr #cards 4 size 8 Array Of Cards #cards 16 size 48 Howl #buckets 8 coarsen threshold 3686 Howl Bitmap #cards 512 size 80 coarsen threshold 460 Card regions per heap region 1 cards per card region 4096

Heap:
 garbage-first heap   total reserved 4134912K, committed 0K, used 0K [0x0000000703a00000, 0x0000000800000000)
  region size 2048K, 0 young (0K), 0 survivors (0K)

[error occurred during error reporting (printing heap information), id 0xc0000005, EXCEPTION_ACCESS_VIOLATION (0xc0000005) at pc=0x00007ffd4d0dc6a9]
GC Heap History (0 events):
No events

Dll operation events (1 events):
Event: 0.015 Loaded shared library C:\Program Files\Java\jdk-23\bin\java.dll

Deoptimization events (0 events):
No events

Classes loaded (0 events):
No events

Classes unloaded (0 events):
No events

Classes redefined (0 events):
No events

Internal exceptions (0 events):
No events

VM Operations (0 events):
No events

Memory protections (0 events):
No events

Nmethod flushes (0 events):
No events

Events (0 events):
No events


Dynamic libraries:
0x00007ff69ce00000 - 0x00007ff69ce10000 	C:\Program Files\Java\jdk-23\bin\java.exe
0x00007ffe3d8a0000 - 0x00007ffe3db08000 	C:\WINDOWS\SYSTEM32\ntdll.dll
0x00007ffe3c5d0000 - 0x00007ffe3c699000 	C:\WINDOWS\System32\KERNEL32.DLL
0x00007ffe3b0f0000 - 0x00007ffe3b4e8000 	C:\WINDOWS\System32\KERNELBASE.dll
0x00007ffe3b4f0000 - 0x00007ffe3b63b000 	C:\WINDOWS\System32\ucrtbase.dll
0x00007ffe2a7c0000 - 0x00007ffe2a7d7000 	C:\Program Files\Java\jdk-23\bin\jli.dll
0x00007ffe04770000 - 0x00007ffe0478b000 	C:\Program Files\Java\jdk-23\bin\VCRUNTIME140.dll
0x00007ffe3b6b0000 - 0x00007ffe3b877000 	C:\WINDOWS\System32\USER32.dll
0x00007ffe3ac70000 - 0x00007ffe3ac97000 	C:\WINDOWS\System32\win32u.dll
0x00007ffe1e200000 - 0x00007ffe1e494000 	C:\WINDOWS\WinSxS\amd64_microsoft.windows.common-controls_6595b64144ccf1df_6.0.26100.7019_none_3e06ffa0e335b8a8\COMCTL32.dll
0x00007ffe3c720000 - 0x00007ffe3c74b000 	C:\WINDOWS\System32\GDI32.dll
0x00007ffe3c8a0000 - 0x00007ffe3c949000 	C:\WINDOWS\System32\msvcrt.dll
0x00007ffe3ab40000 - 0x00007ffe3ac6c000 	C:\WINDOWS\System32\gdi32full.dll
0x00007ffe3af90000 - 0x00007ffe3b033000 	C:\WINDOWS\System32\msvcp_win.dll
0x00007ffe3c590000 - 0x00007ffe3c5c1000 	C:\WINDOWS\System32\IMM32.DLL
0x00007ffe2a7b0000 - 0x00007ffe2a7bc000 	C:\Program Files\Java\jdk-23\bin\vcruntime140_1.dll
0x00007ffd9c130000 - 0x00007ffd9c1be000 	C:\Program Files\Java\jdk-23\bin\msvcp140.dll
0x00007ffd4c9a0000 - 0x00007ffd4d6f0000 	C:\Program Files\Java\jdk-23\bin\server\jvm.dll
0x00007ffe3be90000 - 0x00007ffe3bf44000 	C:\WINDOWS\System32\ADVAPI32.dll
0x00007ffe3bd10000 - 0x00007ffe3bdb6000 	C:\WINDOWS\System32\sechost.dll
0x00007ffe3c780000 - 0x00007ffe3c898000 	C:\WINDOWS\System32\RPCRT4.dll
0x00007ffe3c6a0000 - 0x00007ffe3c714000 	C:\WINDOWS\System32\WS2_32.dll
0x00007ffe1ed30000 - 0x00007ffe1ed65000 	C:\WINDOWS\SYSTEM32\WINMM.dll
0x00007ffe3a850000 - 0x00007ffe3a8ae000 	C:\WINDOWS\SYSTEM32\POWRPROF.dll
0x00007ffe2bbc0000 - 0x00007ffe2bbcb000 	C:\WINDOWS\SYSTEM32\VERSION.dll
0x00007ffe3a830000 - 0x00007ffe3a844000 	C:\WINDOWS\SYSTEM32\UMPDC.dll
0x00007ffe39780000 - 0x00007ffe3979b000 	C:\WINDOWS\SYSTEM32\kernel.appcore.dll
0x00007ffe121c0000 - 0x00007ffe121ca000 	C:\Program Files\Java\jdk-23\bin\jimage.dll
0x00007ffe38190000 - 0x00007ffe383d2000 	C:\WINDOWS\SYSTEM32\DBGHELP.DLL
0x00007ffe3b880000 - 0x00007ffe3bc0b000 	C:\WINDOWS\System32\combase.dll
0x00007ffe3c2b0000 - 0x00007ffe3c387000 	C:\WINDOWS\System32\OLEAUT32.dll
0x00007ffe0d4b0000 - 0x00007ffe0d4ec000 	C:\WINDOWS\SYSTEM32\dbgcore.DLL
0x00007ffe3b040000 - 0x00007ffe3b0e5000 	C:\WINDOWS\System32\bcryptPrimitives.dll
0x00007ffe04750000 - 0x00007ffe0476e000 	C:\Program Files\Java\jdk-23\bin\java.dll
0x00007ffe3bfa0000 - 0x00007ffe3c137000 	C:\WINDOWS\System32\ole32.dll
0x00007ffe3cc70000 - 0x00007ffe3d3bf000 	C:\WINDOWS\System32\SHELL32.dll
0x00007ffe3aca0000 - 0x00007ffe3ae0b000 	C:\WINDOWS\System32\wintypes.dll

dbghelp: loaded successfully - version: 4.0.5 - missing functions: none
symbol engine: initialized successfully - sym options: 0x614 - pdb path: .;C:\Program Files\Java\jdk-23\bin;C:\WINDOWS\SYSTEM32;C:\WINDOWS\WinSxS\amd64_microsoft.windows.common-controls_6595b64144ccf1df_6.0.26100.7019_none_3e06ffa0e335b8a8;C:\Program Files\Java\jdk-23\bin\server

VM Arguments:
jvm_args: -Dclassworlds.conf=C:\Program Files\Apache\Maven\apache-maven-3.9.11\bin\m2.conf -Dmaven.home=C:\Program Files\Apache\Maven\apache-maven-3.9.11 -Dlibrary.jansi.path=C:\Program Files\Apache\Maven\apache-maven-3.9.11\lib\jansi-native -Dmaven.multiModuleProjectDirectory=C:\Users\dhrit\OneDrive\Desktop\new new-crawler\News_Aggregator 
java_command: org.codehaus.plexus.classworlds.launcher.Launcher spring-boot:run
java_class_path (initial): C:\Program Files\Apache\Maven\apache-maven-3.9.11\boot\plexus-classworlds-2.9.0.jar
Launcher Type: SUN_STANDARD

[Global flags]
     intx CICompilerCount                          = 4                                         {product} {ergonomic}
     uint ConcGCThreads                            = 2                                         {product} {ergonomic}
     uint G1ConcRefinementThreads                  = 8                                         {product} {ergonomic}
   size_t G1HeapRegionSize                         = 2097152                                   {product} {ergonomic}
   size_t InitialHeapSize                          = 266338304                                 {product} {ergonomic}
   size_t MarkStackSize                            = 4194304                                   {product} {ergonomic}
   size_t MarkStackSizeMax                         = 536870912                                 {product} {ergonomic}
   size_t MaxHeapSize                              = 4234149888                                {product} {ergonomic}
   size_t MinHeapDeltaBytes                        = 2097152                                   {product} {ergonomic}
   size_t MinHeapSize                              = 8388608                                   {product} {ergonomic}
    uintx NonNMethodCodeHeapSize                   = 5832704                                {pd product} {ergonomic}
    uintx NonProfiledCodeHeapSize                  = 122945536                              {pd product} {ergonomic}
    uintx ProfiledCodeHeapSize                     = 122880000                              {pd product} {ergonomic}
    uintx ReservedCodeCacheSize                    = 251658240                              {pd product} {ergonomic}
     bool SegmentedCodeCache                       = true                                      {product} {ergonomic}
   size_t SoftMaxHeapSize                          = 4234149888                             {manageable} {ergonomic}
     bool UseCompressedOops                        = true                           {product lp64_product} {ergonomic}
     bool UseG1GC                                  = true                                      {product} {ergonomic}
     bool UseLargePagesIndividualAllocation        = false                                  {pd product} {ergonomic}

Logging:
Log output configuration:
 #0: stdout all=warning uptime,level,tags foldmultilines=false
 #1: stderr all=off uptime,level,tags foldmultilines=false

Environment Variables:
JAVA_HOME=C:\Program Files\Java\jdk-23
PATH=C:\Program Files\Common Files\Oracle\Java\javapath;C:\WINDOWS\system32;C:\WINDOWS;C:\WINDOWS\System32\Wbem;C:\WINDOWS\System32\WindowsPowerShell\v1.0\;C:\WINDOWS\System32\OpenSSH\;C:\Program Files (x86)\Microsoft SQL Server\160\Tools\Binn\;C:\Program Files\Microsoft SQL Server\160\Tools\Binn\;C:\Program Files\Microsoft SQL Server\Client SDK\ODBC\170\Tools\Binn\;C:\Program Files\Microsoft SQL Server\160\DTS\Binn\;C:\Program Files (x86)\Microsoft SQL Server\160\DTS\Binn\;C:\Program Files\Azure Data Studio\bin;C:\Program Files\HP\HP One Agent;C:\Program Files\Git\cmd;C:\Program Files\nodejs\;C:\WINDOWS\system32;C:\WINDOWS;C:\WINDOWS\System32\Wbem;C:\WINDOWS\System32\WindowsPowerShell\v1.0\;C:\WINDOWS\System32\OpenSSH\;C:\Program Files\Java\jdk-23\bin;C:\Program Files\Docker\Docker\resources\bin;C:\Program Files\Apache\Maven\apache-maven-3.9.11\bin;C:\Users\dhrit\AppData\Local\Programs\Python\Python311\Scripts\;C:\Users\dhrit\AppData\Local\Programs\Python\Python311\;C:\Program Files\MySQL\MySQL Shell 8.0\bin\;C:\Users\dhrit\AppData\Local\Microsoft\WindowsApps;C:\Program Files\Azure Data Studio\bin;C:\Users\dhrit\AppData\Local\GitHubDesktop\bin;C:\Program Files\JetBrains\IntelliJ IDEA Community Edition 2024.2.2\bin;C:\xampp\mysql\bin\mysql.exe;;C:\Users\dhrit\AppData\Local\Programs\Microsoft VS Code\bin;C:\Users\dhrit\AppData\Roaming\npm;C:\Users\dhrit\AppData\Local\Programs\Antigravity\bin;c:\Users\dhrit\.antigravity\extensions\vscjava.vscode-java-debug-0.58.3-universal\bundled\scripts\noConfigScripts
USERNAME=dhrit
LANG=en_US.UTF-8
OS=Windows_NT
PROCESSOR_IDENTIFIER=Intel64 Family 6 Model 140 Stepping 2, GenuineIntel
TMP=C:\Users\dhrit\AppData\Local\Temp
TEMP=C:\Users\dhrit\AppData\Local\Temp




Periodic native trim disabled

---------------  S Y S T E M  ---------------

OS:
 Windows 11 , 64 bit Build 26100 (10.0.26100.7019)
OS uptime: 1 days 2:29 hours
Hyper-V role detected

CPU: total 8 (initial active 8) (4 cores per cpu, 2 threads per core) family 6 model 140 stepping 2 microcode 0x28, cx8, cmov, fxsr, ht, mmx, 3dnowpref, sse, sse2, sse3, ssse3, sse4.1, sse4.2, popcnt, lzcnt, tsc, tscinvbit, avx, avx2, aes, erms, clmul, bmi1, bmi2, adx, avx512f, avx512dq, avx512cd, avx512bw, avx512vl, sha, fma, vzeroupper, avx512_vpopcntdq, avx512_vpclmulqdq, avx512_vaes, avx512_vnni, clflush, clflushopt, clwb, avx512_vbmi2, avx512_vbmi, hv, rdtscp, rdpid, fsrm, gfni, avx512_bitalg, f16c, cet_ibt, cet_ss, avx512_ifma
Processor Information for processor 0
  Max Mhz: 1805, Current Mhz: 1805, Mhz Limit: 1805
Processor Information for processor 1
  Max Mhz: 1805, Current Mhz: 1805, Mhz Limit: 1805
Processor Information for processor 2
  Max Mhz: 1805, Current Mhz: 1002, Mhz Limit: 1805
Processor Information for processor 3
  Max Mhz: 1805, Current Mhz: 1805, Mhz Limit: 1805
Processor Information for processor 4
  Max Mhz: 1805, Current Mhz: 1002, Mhz Limit: 1805
Processor Information for processor 5
  Max Mhz: 1805, Current Mhz: 1002, Mhz Limit: 1805
Processor Information for processor 6
  Max Mhz: 1805, Current Mhz: 1002, Mhz Limit: 1805
Processor Information for processor 7
  Max Mhz: 1805, Current Mhz: 1002, Mhz Limit: 1805

Memory: 4k page, system-wide physical 16151M (613M free)
TotalPageFile size 32510M (AvailPageFile size 185M)
current process WorkingSet (physical memory assigned to process): 13M, peak: 13M
current process commit charge ("private bytes"): 61M, peak: 314M

vm_info: Java HotSpot(TM) 64-Bit Server VM (23.0.2+7-58) for windows-amd64 JRE (23.0.2+7-58), built on 2024-11-29T09:34:55Z with MS VC++ 17.6 (VS2022)

END.
